[1.461s] Invoking command in '/home/d/cnc_pose_ws/src/cnc_perception': PYTHONPATH=/home/d/cnc_pose_ws/build/cnc_perception/prefix_override:/usr/lib/python3/dist-packages/colcon_core/task/python/colcon_distutils_commands:/home/d/cnc_pose_ws/install/cnc_perception/lib/python3.10/site-packages:${PYTHONPATH} /usr/bin/python3 -W ignore:setup.py install is deprecated -W ignore:easy_install command is deprecated setup.py egg_info --egg-base ../../build/cnc_perception build --build-base /home/d/cnc_pose_ws/build/cnc_perception/build install --record /home/d/cnc_pose_ws/build/cnc_perception/install.log --single-version-externally-managed install_data
[1.671s] /home/d/.local/lib/python3.10/site-packages/setuptools/_distutils/dist.py:289: UserWarning: Unknown distribution option: 'tests_require'
[1.671s]   warnings.warn(msg)
[1.924s] running egg_info
[1.956s] creating ../../build/cnc_perception/cnc_perception.egg-info
[1.956s] writing ../../build/cnc_perception/cnc_perception.egg-info/PKG-INFO
[1.957s] writing dependency_links to ../../build/cnc_perception/cnc_perception.egg-info/dependency_links.txt
[1.957s] writing entry points to ../../build/cnc_perception/cnc_perception.egg-info/entry_points.txt
[1.957s] writing requirements to ../../build/cnc_perception/cnc_perception.egg-info/requires.txt
[1.957s] writing top-level names to ../../build/cnc_perception/cnc_perception.egg-info/top_level.txt
[1.957s] writing manifest file '../../build/cnc_perception/cnc_perception.egg-info/SOURCES.txt'
[2.130s] [06/16/26 17:28:52] ERROR    listing git files failed - pretending     git.py:26
[2.130s]                              there aren't any                                   
[2.295s] reading manifest file '../../build/cnc_perception/cnc_perception.egg-info/SOURCES.txt'
[2.297s] writing manifest file '../../build/cnc_perception/cnc_perception.egg-info/SOURCES.txt'
[2.297s] running build
[2.297s] running build_py
[2.298s] creating /home/d/cnc_pose_ws/build/cnc_perception/build/lib/cnc_perception
[2.298s] copying cnc_perception/workpiece_config.py -> /home/d/cnc_pose_ws/build/cnc_perception/build/lib/cnc_perception
[2.298s] copying cnc_perception/contour_detector.py -> /home/d/cnc_pose_ws/build/cnc_perception/build/lib/cnc_perception
[2.298s] copying cnc_perception/pose_estimator_node.py -> /home/d/cnc_pose_ws/build/cnc_perception/build/lib/cnc_perception
[2.298s] copying cnc_perception/pose_solver.py -> /home/d/cnc_pose_ws/build/cnc_perception/build/lib/cnc_perception
[2.298s] copying cnc_perception/__init__.py -> /home/d/cnc_pose_ws/build/cnc_perception/build/lib/cnc_perception
[2.299s] running install
[2.304s] running install_lib
[2.339s] creating /home/d/cnc_pose_ws/install/cnc_perception/lib/python3.10/site-packages/cnc_perception
[2.339s] copying /home/d/cnc_pose_ws/build/cnc_perception/build/lib/cnc_perception/workpiece_config.py -> /home/d/cnc_pose_ws/install/cnc_perception/lib/python3.10/site-packages/cnc_perception
[2.339s] copying /home/d/cnc_pose_ws/build/cnc_perception/build/lib/cnc_perception/contour_detector.py -> /home/d/cnc_pose_ws/install/cnc_perception/lib/python3.10/site-packages/cnc_perception
[2.339s] copying /home/d/cnc_pose_ws/build/cnc_perception/build/lib/cnc_perception/pose_estimator_node.py -> /home/d/cnc_pose_ws/install/cnc_perception/lib/python3.10/site-packages/cnc_perception
[2.340s] copying /home/d/cnc_pose_ws/build/cnc_perception/build/lib/cnc_perception/pose_solver.py -> /home/d/cnc_pose_ws/install/cnc_perception/lib/python3.10/site-packages/cnc_perception
[2.340s] copying /home/d/cnc_pose_ws/build/cnc_perception/build/lib/cnc_perception/__init__.py -> /home/d/cnc_pose_ws/install/cnc_perception/lib/python3.10/site-packages/cnc_perception
[2.340s] byte-compiling /home/d/cnc_pose_ws/install/cnc_perception/lib/python3.10/site-packages/cnc_perception/workpiece_config.py to workpiece_config.cpython-310.pyc
[2.342s] byte-compiling /home/d/cnc_pose_ws/install/cnc_perception/lib/python3.10/site-packages/cnc_perception/contour_detector.py to contour_detector.cpython-310.pyc
[2.343s] byte-compiling /home/d/cnc_pose_ws/install/cnc_perception/lib/python3.10/site-packages/cnc_perception/pose_estimator_node.py to pose_estimator_node.cpython-310.pyc
[2.344s] byte-compiling /home/d/cnc_pose_ws/install/cnc_perception/lib/python3.10/site-packages/cnc_perception/pose_solver.py to pose_solver.cpython-310.pyc
[2.346s] byte-compiling /home/d/cnc_pose_ws/install/cnc_perception/lib/python3.10/site-packages/cnc_perception/__init__.py to __init__.cpython-310.pyc
[2.346s] running install_data
[2.346s] creating /home/d/cnc_pose_ws/install/cnc_perception/share/ament_index/resource_index/packages
[2.346s] copying resource/cnc_perception -> /home/d/cnc_pose_ws/install/cnc_perception/share/ament_index/resource_index/packages
[2.347s] copying package.xml -> /home/d/cnc_pose_ws/install/cnc_perception/share/cnc_perception
[2.347s] creating /home/d/cnc_pose_ws/install/cnc_perception/share/cnc_perception/config
[2.347s] copying config/workpiece_model.yaml -> /home/d/cnc_pose_ws/install/cnc_perception/share/cnc_perception/config
[2.347s] copying config/camera_info.yaml -> /home/d/cnc_pose_ws/install/cnc_perception/share/cnc_perception/config
[2.347s] copying config/camera_params.yaml -> /home/d/cnc_pose_ws/install/cnc_perception/share/cnc_perception/config
[2.348s] creating /home/d/cnc_pose_ws/install/cnc_perception/share/cnc_perception/launch
[2.348s] copying launch/pose_estimator_only.launch.py -> /home/d/cnc_pose_ws/install/cnc_perception/share/cnc_perception/launch
[2.348s] copying launch/perception.launch.py -> /home/d/cnc_pose_ws/install/cnc_perception/share/cnc_perception/launch
[2.348s] running install_egg_info
[2.380s] Copying ../../build/cnc_perception/cnc_perception.egg-info to /home/d/cnc_pose_ws/install/cnc_perception/lib/python3.10/site-packages/cnc_perception-0.1.0-py3.10.egg-info
[2.381s] running install_scripts
[2.447s] Installing pose_estimator_node script to /home/d/cnc_pose_ws/install/cnc_perception/lib/cnc_perception
[2.447s] writing list of installed files to '/home/d/cnc_pose_ws/build/cnc_perception/install.log'
[2.487s] Invoked command in '/home/d/cnc_pose_ws/src/cnc_perception' returned '0': PYTHONPATH=/home/d/cnc_pose_ws/build/cnc_perception/prefix_override:/usr/lib/python3/dist-packages/colcon_core/task/python/colcon_distutils_commands:/home/d/cnc_pose_ws/install/cnc_perception/lib/python3.10/site-packages:${PYTHONPATH} /usr/bin/python3 -W ignore:setup.py install is deprecated -W ignore:easy_install command is deprecated setup.py egg_info --egg-base ../../build/cnc_perception build --build-base /home/d/cnc_pose_ws/build/cnc_perception/build install --record /home/d/cnc_pose_ws/build/cnc_perception/install.log --single-version-externally-managed install_data
