[0.162s] colcon DEBUG Command line arguments: ['/usr/bin/colcon', 'build']
[0.162s] colcon DEBUG Parsed command line arguments: Namespace(log_base=None, log_level=None, verb_name='build', build_base='build', install_base='install', merge_install=False, symlink_install=False, test_result_base=None, continue_on_error=False, executor='parallel', parallel_workers=4, event_handlers=None, ignore_user_meta=False, metas=['./colcon.meta'], base_paths=['.'], packages_ignore=None, packages_ignore_regex=None, paths=None, packages_up_to=None, packages_up_to_regex=None, packages_above=None, packages_above_and_dependencies=None, packages_above_depth=None, packages_select_by_dep=None, packages_skip_by_dep=None, packages_skip_up_to=None, packages_select_build_failed=False, packages_skip_build_finished=False, packages_select_test_failures=False, packages_skip_test_passed=False, packages_select=None, packages_skip=None, packages_select_regex=None, packages_skip_regex=None, packages_start=None, packages_end=None, allow_overriding=[], cmake_args=None, cmake_target=None, cmake_target_skip_unavailable=False, cmake_clean_cache=False, cmake_clean_first=False, cmake_force_configure=False, ament_cmake_args=None, catkin_cmake_args=None, catkin_skip_building_tests=False, mixin_files=None, mixin=None, verb_parser=<colcon_mixin.mixin.mixin_argument.MixinArgumentDecorator object at 0x78763835f0d0>, verb_extension=<colcon_core.verb.build.BuildVerb object at 0x78763835ead0>, main=<bound method BuildVerb.main of <colcon_core.verb.build.BuildVerb object at 0x78763835ead0>>, mixin_verb=('build',))
[0.203s] colcon.colcon_core.package_discovery Level 1 discover_packages(colcon_meta) check parameters
[0.203s] colcon.colcon_core.package_discovery Level 1 discover_packages(recursive) check parameters
[0.203s] colcon.colcon_core.package_discovery Level 1 discover_packages(ignore) check parameters
[0.203s] colcon.colcon_core.package_discovery Level 1 discover_packages(path) check parameters
[0.203s] colcon.colcon_core.package_discovery Level 1 discover_packages(colcon_meta) discover
[0.203s] colcon.colcon_core.package_discovery Level 1 discover_packages(recursive) discover
[0.203s] colcon.colcon_core.package_discovery INFO Crawling recursively for packages in '/home/d/cnc_pose_ws'
[0.203s] colcon.colcon_core.package_identification Level 1 _identify(.) by extensions ['ignore', 'ignore_ament_install']
[0.203s] colcon.colcon_core.package_identification Level 1 _identify(.) by extension 'ignore'
[0.204s] colcon.colcon_core.package_identification Level 1 _identify(.) by extension 'ignore_ament_install'
[0.204s] colcon.colcon_core.package_identification Level 1 _identify(.) by extensions ['colcon_pkg']
[0.204s] colcon.colcon_core.package_identification Level 1 _identify(.) by extension 'colcon_pkg'
[0.204s] colcon.colcon_core.package_identification Level 1 _identify(.) by extensions ['colcon_meta']
[0.204s] colcon.colcon_core.package_identification Level 1 _identify(.) by extension 'colcon_meta'
[0.204s] colcon.colcon_core.package_identification Level 1 _identify(.) by extensions ['ros']
[0.204s] colcon.colcon_core.package_identification Level 1 _identify(.) by extension 'ros'
[0.240s] colcon.colcon_core.package_identification Level 1 _identify(.) by extensions ['cmake', 'python']
[0.240s] colcon.colcon_core.package_identification Level 1 _identify(.) by extension 'cmake'
[0.240s] colcon.colcon_core.package_identification Level 1 _identify(.) by extension 'python'
[0.240s] colcon.colcon_core.package_identification Level 1 _identify(.) by extensions ['python_setup_py']
[0.240s] colcon.colcon_core.package_identification Level 1 _identify(.) by extension 'python_setup_py'
[0.240s] colcon.colcon_core.package_identification Level 1 _identify(build) by extensions ['ignore', 'ignore_ament_install']
[0.241s] colcon.colcon_core.package_identification Level 1 _identify(build) by extension 'ignore'
[0.241s] colcon.colcon_core.package_identification Level 1 _identify(build) ignored
[0.241s] colcon.colcon_core.package_identification Level 1 _identify(install) by extensions ['ignore', 'ignore_ament_install']
[0.241s] colcon.colcon_core.package_identification Level 1 _identify(install) by extension 'ignore'
[0.241s] colcon.colcon_core.package_identification Level 1 _identify(install) ignored
[0.241s] colcon.colcon_core.package_identification Level 1 _identify(log) by extensions ['ignore', 'ignore_ament_install']
[0.241s] colcon.colcon_core.package_identification Level 1 _identify(log) by extension 'ignore'
[0.241s] colcon.colcon_core.package_identification Level 1 _identify(log) ignored
[0.241s] colcon.colcon_core.package_identification Level 1 _identify(src) by extensions ['ignore', 'ignore_ament_install']
[0.242s] colcon.colcon_core.package_identification Level 1 _identify(src) by extension 'ignore'
[0.242s] colcon.colcon_core.package_identification Level 1 _identify(src) by extension 'ignore_ament_install'
[0.242s] colcon.colcon_core.package_identification Level 1 _identify(src) by extensions ['colcon_pkg']
[0.242s] colcon.colcon_core.package_identification Level 1 _identify(src) by extension 'colcon_pkg'
[0.242s] colcon.colcon_core.package_identification Level 1 _identify(src) by extensions ['colcon_meta']
[0.242s] colcon.colcon_core.package_identification Level 1 _identify(src) by extension 'colcon_meta'
[0.242s] colcon.colcon_core.package_identification Level 1 _identify(src) by extensions ['ros']
[0.242s] colcon.colcon_core.package_identification Level 1 _identify(src) by extension 'ros'
[0.242s] colcon.colcon_core.package_identification Level 1 _identify(src) by extensions ['cmake', 'python']
[0.242s] colcon.colcon_core.package_identification Level 1 _identify(src) by extension 'cmake'
[0.242s] colcon.colcon_core.package_identification Level 1 _identify(src) by extension 'python'
[0.242s] colcon.colcon_core.package_identification Level 1 _identify(src) by extensions ['python_setup_py']
[0.242s] colcon.colcon_core.package_identification Level 1 _identify(src) by extension 'python_setup_py'
[0.243s] colcon.colcon_core.package_identification Level 1 _identify(src/cnc_perception) by extensions ['ignore', 'ignore_ament_install']
[0.243s] colcon.colcon_core.package_identification Level 1 _identify(src/cnc_perception) by extension 'ignore'
[0.243s] colcon.colcon_core.package_identification Level 1 _identify(src/cnc_perception) by extension 'ignore_ament_install'
[0.243s] colcon.colcon_core.package_identification Level 1 _identify(src/cnc_perception) by extensions ['colcon_pkg']
[0.243s] colcon.colcon_core.package_identification Level 1 _identify(src/cnc_perception) by extension 'colcon_pkg'
[0.243s] colcon.colcon_core.package_identification Level 1 _identify(src/cnc_perception) by extensions ['colcon_meta']
[0.243s] colcon.colcon_core.package_identification Level 1 _identify(src/cnc_perception) by extension 'colcon_meta'
[0.243s] colcon.colcon_core.package_identification Level 1 _identify(src/cnc_perception) by extensions ['ros']
[0.243s] colcon.colcon_core.package_identification Level 1 _identify(src/cnc_perception) by extension 'ros'
[0.249s] colcon.colcon_core.package_identification DEBUG Package 'src/cnc_perception' with type 'ros.ament_python' and name 'cnc_perception'
[0.250s] colcon.colcon_core.package_discovery Level 1 discover_packages(recursive) using defaults
[0.250s] colcon.colcon_core.package_discovery Level 1 discover_packages(ignore) discover
[0.250s] colcon.colcon_core.package_discovery Level 1 discover_packages(ignore) using defaults
[0.250s] colcon.colcon_core.package_discovery Level 1 discover_packages(path) discover
[0.250s] colcon.colcon_core.package_discovery Level 1 discover_packages(path) using defaults
[0.276s] colcon.colcon_core.package_discovery Level 1 discover_packages(prefix_path) check parameters
[0.276s] colcon.colcon_core.package_discovery Level 1 discover_packages(prefix_path) discover
[0.283s] colcon.colcon_installed_package_information.package_discovery DEBUG Found 67 installed packages in /home/d/Kuka_moveIt2/install
[0.284s] colcon.colcon_installed_package_information.package_discovery DEBUG Found 4 installed packages in /home/d/kuka_kr6_waam_ws/install
[0.287s] colcon.colcon_installed_package_information.package_discovery DEBUG Found 464 installed packages in /opt/ros/humble
[0.290s] colcon.colcon_core.package_discovery Level 1 discover_packages(prefix_path) using defaults
[0.369s] colcon.colcon_core.verb Level 5 set package 'cnc_perception' build argument 'cmake_args' from command line to 'None'
[0.369s] colcon.colcon_core.verb Level 5 set package 'cnc_perception' build argument 'cmake_target' from command line to 'None'
[0.369s] colcon.colcon_core.verb Level 5 set package 'cnc_perception' build argument 'cmake_target_skip_unavailable' from command line to 'False'
[0.369s] colcon.colcon_core.verb Level 5 set package 'cnc_perception' build argument 'cmake_clean_cache' from command line to 'False'
[0.369s] colcon.colcon_core.verb Level 5 set package 'cnc_perception' build argument 'cmake_clean_first' from command line to 'False'
[0.369s] colcon.colcon_core.verb Level 5 set package 'cnc_perception' build argument 'cmake_force_configure' from command line to 'False'
[0.369s] colcon.colcon_core.verb Level 5 set package 'cnc_perception' build argument 'ament_cmake_args' from command line to 'None'
[0.369s] colcon.colcon_core.verb Level 5 set package 'cnc_perception' build argument 'catkin_cmake_args' from command line to 'None'
[0.369s] colcon.colcon_core.verb Level 5 set package 'cnc_perception' build argument 'catkin_skip_building_tests' from command line to 'False'
[0.369s] colcon.colcon_core.verb DEBUG Building package 'cnc_perception' with the following arguments: {'ament_cmake_args': None, 'build_base': '/home/d/cnc_pose_ws/build/cnc_perception', 'catkin_cmake_args': None, 'catkin_skip_building_tests': False, 'cmake_args': None, 'cmake_clean_cache': False, 'cmake_clean_first': False, 'cmake_force_configure': False, 'cmake_target': None, 'cmake_target_skip_unavailable': False, 'install_base': '/home/d/cnc_pose_ws/install/cnc_perception', 'merge_install': False, 'path': '/home/d/cnc_pose_ws/src/cnc_perception', 'symlink_install': False, 'test_result_base': None}
[0.369s] colcon.colcon_core.executor INFO Executing jobs using 'parallel' executor
[0.370s] colcon.colcon_parallel_executor.executor.parallel DEBUG run_until_complete
[0.371s] colcon.colcon_ros.task.ament_python.build INFO Building ROS package in '/home/d/cnc_pose_ws/src/cnc_perception' with build type 'ament_python'
[0.371s] colcon.colcon_core.shell Level 1 create_environment_hook('cnc_perception', 'ament_prefix_path')
[0.373s] colcon.colcon_core.plugin_system INFO Skipping extension 'colcon_core.shell.bat': Not used on non-Windows systems
[0.374s] colcon.colcon_core.shell INFO Creating environment hook '/home/d/cnc_pose_ws/install/cnc_perception/share/cnc_perception/hook/ament_prefix_path.ps1'
[0.374s] colcon.colcon_core.shell INFO Creating environment descriptor '/home/d/cnc_pose_ws/install/cnc_perception/share/cnc_perception/hook/ament_prefix_path.dsv'
[0.375s] colcon.colcon_core.shell INFO Creating environment hook '/home/d/cnc_pose_ws/install/cnc_perception/share/cnc_perception/hook/ament_prefix_path.sh'
[0.375s] colcon.colcon_core.shell INFO Skip shell extension 'powershell' for command environment: Not usable outside of PowerShell
[0.376s] colcon.colcon_core.shell DEBUG Skip shell extension 'dsv' for command environment
[0.764s] colcon.colcon_core.task.python.build INFO Building Python package in '/home/d/cnc_pose_ws/src/cnc_perception'
[0.764s] colcon.colcon_core.shell INFO Skip shell extension 'powershell' for command environment: Not usable outside of PowerShell
[0.764s] colcon.colcon_core.shell DEBUG Skip shell extension 'dsv' for command environment
[1.832s] colcon.colcon_core.event_handler.log_command DEBUG Invoking command in '/home/d/cnc_pose_ws/src/cnc_perception': PYTHONPATH=/home/d/cnc_pose_ws/build/cnc_perception/prefix_override:/usr/lib/python3/dist-packages/colcon_core/task/python/colcon_distutils_commands:/home/d/cnc_pose_ws/install/cnc_perception/lib/python3.10/site-packages:${PYTHONPATH} /usr/bin/python3 -W ignore:setup.py install is deprecated -W ignore:easy_install command is deprecated setup.py egg_info --egg-base ../../build/cnc_perception build --build-base /home/d/cnc_pose_ws/build/cnc_perception/build install --record /home/d/cnc_pose_ws/build/cnc_perception/install.log --single-version-externally-managed install_data
[2.859s] colcon.colcon_core.event_handler.log_command DEBUG Invoked command in '/home/d/cnc_pose_ws/src/cnc_perception' returned '0': PYTHONPATH=/home/d/cnc_pose_ws/build/cnc_perception/prefix_override:/usr/lib/python3/dist-packages/colcon_core/task/python/colcon_distutils_commands:/home/d/cnc_pose_ws/install/cnc_perception/lib/python3.10/site-packages:${PYTHONPATH} /usr/bin/python3 -W ignore:setup.py install is deprecated -W ignore:easy_install command is deprecated setup.py egg_info --egg-base ../../build/cnc_perception build --build-base /home/d/cnc_pose_ws/build/cnc_perception/build install --record /home/d/cnc_pose_ws/build/cnc_perception/install.log --single-version-externally-managed install_data
[2.866s] colcon.colcon_core.environment Level 1 checking '/home/d/cnc_pose_ws/install/cnc_perception' for CMake module files
[2.866s] colcon.colcon_core.environment Level 1 checking '/home/d/cnc_pose_ws/install/cnc_perception' for CMake config files
[2.867s] colcon.colcon_core.environment Level 1 checking '/home/d/cnc_pose_ws/install/cnc_perception/lib'
[2.867s] colcon.colcon_core.environment Level 1 checking '/home/d/cnc_pose_ws/install/cnc_perception/bin'
[2.867s] colcon.colcon_core.environment Level 1 checking '/home/d/cnc_pose_ws/install/cnc_perception/lib/pkgconfig/cnc_perception.pc'
[2.868s] colcon.colcon_core.environment Level 1 checking '/home/d/cnc_pose_ws/install/cnc_perception/lib/python3.10/site-packages'
[2.868s] colcon.colcon_core.shell Level 1 create_environment_hook('cnc_perception', 'pythonpath')
[2.868s] colcon.colcon_core.shell INFO Creating environment hook '/home/d/cnc_pose_ws/install/cnc_perception/share/cnc_perception/hook/pythonpath.ps1'
[2.868s] colcon.colcon_core.shell INFO Creating environment descriptor '/home/d/cnc_pose_ws/install/cnc_perception/share/cnc_perception/hook/pythonpath.dsv'
[2.869s] colcon.colcon_core.shell INFO Creating environment hook '/home/d/cnc_pose_ws/install/cnc_perception/share/cnc_perception/hook/pythonpath.sh'
[2.870s] colcon.colcon_core.environment Level 1 checking '/home/d/cnc_pose_ws/install/cnc_perception/bin'
[2.870s] colcon.colcon_core.environment Level 1 create_environment_scripts_only(cnc_perception)
[2.870s] colcon.colcon_core.shell INFO Creating package script '/home/d/cnc_pose_ws/install/cnc_perception/share/cnc_perception/package.ps1'
[2.872s] colcon.colcon_core.shell INFO Creating package descriptor '/home/d/cnc_pose_ws/install/cnc_perception/share/cnc_perception/package.dsv'
[2.873s] colcon.colcon_core.shell INFO Creating package script '/home/d/cnc_pose_ws/install/cnc_perception/share/cnc_perception/package.sh'
[2.873s] colcon.colcon_core.shell INFO Creating package script '/home/d/cnc_pose_ws/install/cnc_perception/share/cnc_perception/package.bash'
[2.874s] colcon.colcon_core.shell INFO Creating package script '/home/d/cnc_pose_ws/install/cnc_perception/share/cnc_perception/package.zsh'
[2.875s] colcon.colcon_core.environment Level 1 create_file_with_runtime_dependencies(/home/d/cnc_pose_ws/install/cnc_perception/share/colcon-core/packages/cnc_perception)
[2.875s] colcon.colcon_parallel_executor.executor.parallel DEBUG closing loop
[2.876s] colcon.colcon_parallel_executor.executor.parallel DEBUG loop closed
[2.876s] colcon.colcon_parallel_executor.executor.parallel DEBUG run_until_complete finished with '0'
[2.876s] colcon.colcon_core.event_reactor DEBUG joining thread
[2.883s] colcon.colcon_core.plugin_system INFO Skipping extension 'colcon_notification.desktop_notification.terminal_notifier': Not used on non-Darwin systems
[2.883s] colcon.colcon_core.plugin_system INFO Skipping extension 'colcon_notification.desktop_notification.win32': Not used on non-Windows systems
[2.883s] colcon.colcon_notification.desktop_notification INFO Sending desktop notification using 'notify2'
[2.883s] colcon.colcon_notification.desktop_notification.notify2 DEBUG Failed to initialize notify2: org.freedesktop.DBus.Error.FileNotFound: Failed to connect to socket /run/user/1000/bus: No such file or directory
[2.883s] colcon.colcon_core.event_reactor DEBUG joined thread
[2.884s] colcon.colcon_core.shell INFO Creating prefix script '/home/d/cnc_pose_ws/install/local_setup.ps1'
[2.885s] colcon.colcon_core.shell INFO Creating prefix util module '/home/d/cnc_pose_ws/install/_local_setup_util_ps1.py'
[2.887s] colcon.colcon_core.shell INFO Creating prefix chain script '/home/d/cnc_pose_ws/install/setup.ps1'
[2.891s] colcon.colcon_core.shell INFO Creating prefix script '/home/d/cnc_pose_ws/install/local_setup.sh'
[2.892s] colcon.colcon_core.shell INFO Creating prefix util module '/home/d/cnc_pose_ws/install/_local_setup_util_sh.py'
[2.893s] colcon.colcon_core.shell INFO Creating prefix chain script '/home/d/cnc_pose_ws/install/setup.sh'
[2.897s] colcon.colcon_core.shell INFO Creating prefix script '/home/d/cnc_pose_ws/install/local_setup.bash'
[2.898s] colcon.colcon_core.shell INFO Creating prefix chain script '/home/d/cnc_pose_ws/install/setup.bash'
[2.902s] colcon.colcon_core.shell INFO Creating prefix script '/home/d/cnc_pose_ws/install/local_setup.zsh'
[2.902s] colcon.colcon_core.shell INFO Creating prefix chain script '/home/d/cnc_pose_ws/install/setup.zsh'
