/home/d/cnc_pose_ws/install/cnc_perception/lib/python3.10/site-packages/cnc_perception/workpiece_config.py
/home/d/cnc_pose_ws/install/cnc_perception/lib/python3.10/site-packages/cnc_perception/visualization.py
/home/d/cnc_pose_ws/install/cnc_perception/lib/python3.10/site-packages/cnc_perception/contour_detector.py
/home/d/cnc_pose_ws/install/cnc_perception/lib/python3.10/site-packages/cnc_perception/pose_estimator_node.py
/home/d/cnc_pose_ws/install/cnc_perception/lib/python3.10/site-packages/cnc_perception/pose_solver.py
/home/d/cnc_pose_ws/install/cnc_perception/lib/python3.10/site-packages/cnc_perception/__init__.py
/home/d/cnc_pose_ws/install/cnc_perception/lib/python3.10/site-packages/cnc_perception/__pycache__/workpiece_config.cpython-310.pyc
/home/d/cnc_pose_ws/install/cnc_perception/lib/python3.10/site-packages/cnc_perception/__pycache__/visualization.cpython-310.pyc
/home/d/cnc_pose_ws/install/cnc_perception/lib/python3.10/site-packages/cnc_perception/__pycache__/contour_detector.cpython-310.pyc
/home/d/cnc_pose_ws/install/cnc_perception/lib/python3.10/site-packages/cnc_perception/__pycache__/pose_estimator_node.cpython-310.pyc
/home/d/cnc_pose_ws/install/cnc_perception/lib/python3.10/site-packages/cnc_perception/__pycache__/pose_solver.cpython-310.pyc
/home/d/cnc_pose_ws/install/cnc_perception/lib/python3.10/site-packages/cnc_perception/__pycache__/__init__.cpython-310.pyc
/home/d/cnc_pose_ws/install/cnc_perception/share/ament_index/resource_index/packages/cnc_perception
/home/d/cnc_pose_ws/install/cnc_perception/share/cnc_perception/package.xml
/home/d/cnc_pose_ws/install/cnc_perception/share/cnc_perception/config/workpiece_model.yaml
/home/d/cnc_pose_ws/install/cnc_perception/share/cnc_perception/config/camera_info.yaml
/home/d/cnc_pose_ws/install/cnc_perception/share/cnc_perception/config/camera_params.yaml
/home/d/cnc_pose_ws/install/cnc_perception/share/cnc_perception/config/perception.rviz
/home/d/cnc_pose_ws/install/cnc_perception/share/cnc_perception/launch/rviz.launch.py
/home/d/cnc_pose_ws/install/cnc_perception/share/cnc_perception/launch/pose_estimator_only.launch.py
/home/d/cnc_pose_ws/install/cnc_perception/share/cnc_perception/launch/perception.launch.py
/home/d/cnc_pose_ws/install/cnc_perception/lib/python3.10/site-packages/cnc_perception-0.1.0-py3.10.egg-info/requires.txt
/home/d/cnc_pose_ws/install/cnc_perception/lib/python3.10/site-packages/cnc_perception-0.1.0-py3.10.egg-info/PKG-INFO
/home/d/cnc_pose_ws/install/cnc_perception/lib/python3.10/site-packages/cnc_perception-0.1.0-py3.10.egg-info/SOURCES.txt
/home/d/cnc_pose_ws/install/cnc_perception/lib/python3.10/site-packages/cnc_perception-0.1.0-py3.10.egg-info/entry_points.txt
/home/d/cnc_pose_ws/install/cnc_perception/lib/python3.10/site-packages/cnc_perception-0.1.0-py3.10.egg-info/dependency_links.txt
/home/d/cnc_pose_ws/install/cnc_perception/lib/python3.10/site-packages/cnc_perception-0.1.0-py3.10.egg-info/zip-safe
/home/d/cnc_pose_ws/install/cnc_perception/lib/python3.10/site-packages/cnc_perception-0.1.0-py3.10.egg-info/top_level.txt
/home/d/cnc_pose_ws/install/cnc_perception/lib/cnc_perception/pose_estimator_node
