[0.391s] colcon DEBUG Command line arguments: ['/usr/bin/colcon', 'build', '--packages-select', 'cnc_perception']
[0.391s] colcon DEBUG Parsed command line arguments: Namespace(log_base=None, log_level=None, verb_name='build', build_base='build', install_base='install', merge_install=False, symlink_install=False, test_result_base=None, continue_on_error=False, executor='parallel', parallel_workers=4, event_handlers=None, ignore_user_meta=False, metas=['./colcon.meta'], base_paths=['.'], packages_ignore=None, packages_ignore_regex=None, paths=None, packages_up_to=None, packages_up_to_regex=None, packages_above=None, packages_above_and_dependencies=None, packages_above_depth=None, packages_select_by_dep=None, packages_skip_by_dep=None, packages_skip_up_to=None, packages_select_build_failed=False, packages_skip_build_finished=False, packages_select_test_failures=False, packages_skip_test_passed=False, packages_select=['cnc_perception'], packages_skip=None, packages_select_regex=None, packages_skip_regex=None, packages_start=None, packages_end=None, allow_overriding=[], cmake_args=None, cmake_target=None, cmake_target_skip_unavailable=False, cmake_clean_cache=False, cmake_clean_first=False, cmake_force_configure=False, ament_cmake_args=None, catkin_cmake_args=None, catkin_skip_building_tests=False, mixin_files=None, mixin=None, verb_parser=<colcon_mixin.mixin.mixin_argument.MixinArgumentDecorator object at 0x76e88ff5f400>, verb_extension=<colcon_core.verb.build.BuildVerb object at 0x76e88ff5ee00>, main=<bound method BuildVerb.main of <colcon_core.verb.build.BuildVerb object at 0x76e88ff5ee00>>, mixin_verb=('build',))
[0.475s] colcon.colcon_core.package_discovery Level 1 discover_packages(colcon_meta) check parameters
[0.475s] colcon.colcon_core.package_discovery Level 1 discover_packages(recursive) check parameters
[0.475s] colcon.colcon_core.package_discovery Level 1 discover_packages(ignore) check parameters
[0.475s] colcon.colcon_core.package_discovery Level 1 discover_packages(path) check parameters
[0.475s] colcon.colcon_core.package_discovery Level 1 discover_packages(colcon_meta) discover
[0.475s] colcon.colcon_core.package_discovery Level 1 discover_packages(recursive) discover
[0.475s] colcon.colcon_core.package_discovery INFO Crawling recursively for packages in '/home/d/cnc_pose_ws'
[0.475s] colcon.colcon_core.package_identification Level 1 _identify(.) by extensions ['ignore', 'ignore_ament_install']
[0.475s] colcon.colcon_core.package_identification Level 1 _identify(.) by extension 'ignore'
[0.475s] colcon.colcon_core.package_identification Level 1 _identify(.) by extension 'ignore_ament_install'
[0.476s] colcon.colcon_core.package_identification Level 1 _identify(.) by extensions ['colcon_pkg']
[0.476s] colcon.colcon_core.package_identification Level 1 _identify(.) by extension 'colcon_pkg'
[0.476s] colcon.colcon_core.package_identification Level 1 _identify(.) by extensions ['colcon_meta']
[0.476s] colcon.colcon_core.package_identification Level 1 _identify(.) by extension 'colcon_meta'
[0.476s] colcon.colcon_core.package_identification Level 1 _identify(.) by extensions ['ros']
[0.476s] colcon.colcon_core.package_identification Level 1 _identify(.) by extension 'ros'
[0.523s] colcon.colcon_core.package_identification Level 1 _identify(.) by extensions ['cmake', 'python']
[0.523s] colcon.colcon_core.package_identification Level 1 _identify(.) by extension 'cmake'
[0.523s] colcon.colcon_core.package_identification Level 1 _identify(.) by extension 'python'
[0.523s] colcon.colcon_core.package_identification Level 1 _identify(.) by extensions ['python_setup_py']
[0.523s] colcon.colcon_core.package_identification Level 1 _identify(.) by extension 'python_setup_py'
[0.523s] colcon.colcon_core.package_identification Level 1 _identify(build) by extensions ['ignore', 'ignore_ament_install']
[0.524s] colcon.colcon_core.package_identification Level 1 _identify(build) by extension 'ignore'
[0.524s] colcon.colcon_core.package_identification Level 1 _identify(build) ignored
[0.524s] colcon.colcon_core.package_identification Level 1 _identify(install) by extensions ['ignore', 'ignore_ament_install']
[0.524s] colcon.colcon_core.package_identification Level 1 _identify(install) by extension 'ignore'
[0.524s] colcon.colcon_core.package_identification Level 1 _identify(install) ignored
[0.524s] colcon.colcon_core.package_identification Level 1 _identify(log) by extensions ['ignore', 'ignore_ament_install']
[0.525s] colcon.colcon_core.package_identification Level 1 _identify(log) by extension 'ignore'
[0.525s] colcon.colcon_core.package_identification Level 1 _identify(log) ignored
[0.525s] colcon.colcon_core.package_identification Level 1 _identify(src) by extensions ['ignore', 'ignore_ament_install']
[0.525s] colcon.colcon_core.package_identification Level 1 _identify(src) by extension 'ignore'
[0.525s] colcon.colcon_core.package_identification Level 1 _identify(src) by extension 'ignore_ament_install'
[0.525s] colcon.colcon_core.package_identification Level 1 _identify(src) by extensions ['colcon_pkg']
[0.525s] colcon.colcon_core.package_identification Level 1 _identify(src) by extension 'colcon_pkg'
[0.525s] colcon.colcon_core.package_identification Level 1 _identify(src) by extensions ['colcon_meta']
[0.525s] colcon.colcon_core.package_identification Level 1 _identify(src) by extension 'colcon_meta'
[0.525s] colcon.colcon_core.package_identification Level 1 _identify(src) by extensions ['ros']
[0.525s] colcon.colcon_core.package_identification Level 1 _identify(src) by extension 'ros'
[0.525s] colcon.colcon_core.package_identification Level 1 _identify(src) by extensions ['cmake', 'python']
[0.525s] colcon.colcon_core.package_identification Level 1 _identify(src) by extension 'cmake'
[0.525s] colcon.colcon_core.package_identification Level 1 _identify(src) by extension 'python'
[0.525s] colcon.colcon_core.package_identification Level 1 _identify(src) by extensions ['python_setup_py']
[0.526s] colcon.colcon_core.package_identification Level 1 _identify(src) by extension 'python_setup_py'
[0.526s] colcon.colcon_core.package_identification Level 1 _identify(src/cnc_perception) by extensions ['ignore', 'ignore_ament_install']
[0.526s] colcon.colcon_core.package_identification Level 1 _identify(src/cnc_perception) by extension 'ignore'
[0.526s] colcon.colcon_core.package_identification Level 1 _identify(src/cnc_perception) by extension 'ignore_ament_install'
[0.526s] colcon.colcon_core.package_identification Level 1 _identify(src/cnc_perception) by extensions ['colcon_pkg']
[0.526s] colcon.colcon_core.package_identification Level 1 _identify(src/cnc_perception) by extension 'colcon_pkg'
[0.526s] colcon.colcon_core.package_identification Level 1 _identify(src/cnc_perception) by extensions ['colcon_meta']
[0.526s] colcon.colcon_core.package_identification Level 1 _identify(src/cnc_perception) by extension 'colcon_meta'
[0.526s] colcon.colcon_core.package_identification Level 1 _identify(src/cnc_perception) by extensions ['ros']
[0.526s] colcon.colcon_core.package_identification Level 1 _identify(src/cnc_perception) by extension 'ros'
[0.533s] colcon.colcon_core.package_identification DEBUG Package 'src/cnc_perception' with type 'ros.ament_python' and name 'cnc_perception'
[0.533s] colcon.colcon_core.package_discovery Level 1 discover_packages(recursive) using defaults
[0.533s] colcon.colcon_core.package_discovery Level 1 discover_packages(ignore) discover
[0.533s] colcon.colcon_core.package_discovery Level 1 discover_packages(ignore) using defaults
[0.533s] colcon.colcon_core.package_discovery Level 1 discover_packages(path) discover
[0.533s] colcon.colcon_core.package_discovery Level 1 discover_packages(path) using defaults
[0.563s] colcon.colcon_core.package_discovery Level 1 discover_packages(prefix_path) check parameters
[0.563s] colcon.colcon_core.package_discovery Level 1 discover_packages(prefix_path) discover
[0.574s] colcon.colcon_installed_package_information.package_discovery DEBUG Found 1 installed packages in /home/d/cnc_pose_ws/install
[0.577s] colcon.colcon_installed_package_information.package_discovery DEBUG Found 67 installed packages in /home/d/Kuka_moveIt2/install
[0.578s] colcon.colcon_installed_package_information.package_discovery DEBUG Found 4 installed packages in /home/d/kuka_kr6_waam_ws/install
[0.581s] colcon.colcon_installed_package_information.package_discovery DEBUG Found 464 installed packages in /opt/ros/humble
[0.588s] colcon.colcon_core.package_discovery Level 1 discover_packages(prefix_path) using defaults
[0.728s] colcon.colcon_core.verb Level 5 set package 'cnc_perception' build argument 'cmake_args' from command line to 'None'
[0.728s] colcon.colcon_core.verb Level 5 set package 'cnc_perception' build argument 'cmake_target' from command line to 'None'
[0.729s] colcon.colcon_core.verb Level 5 set package 'cnc_perception' build argument 'cmake_target_skip_unavailable' from command line to 'False'
[0.729s] colcon.colcon_core.verb Level 5 set package 'cnc_perception' build argument 'cmake_clean_cache' from command line to 'False'
[0.729s] colcon.colcon_core.verb Level 5 set package 'cnc_perception' build argument 'cmake_clean_first' from command line to 'False'
[0.729s] colcon.colcon_core.verb Level 5 set package 'cnc_perception' build argument 'cmake_force_configure' from command line to 'False'
[0.729s] colcon.colcon_core.verb Level 5 set package 'cnc_perception' build argument 'ament_cmake_args' from command line to 'None'
[0.729s] colcon.colcon_core.verb Level 5 set package 'cnc_perception' build argument 'catkin_cmake_args' from command line to 'None'
[0.729s] colcon.colcon_core.verb Level 5 set package 'cnc_perception' build argument 'catkin_skip_building_tests' from command line to 'False'
[0.729s] colcon.colcon_core.verb DEBUG Building package 'cnc_perception' with the following arguments: {'ament_cmake_args': None, 'build_base': '/home/d/cnc_pose_ws/build/cnc_perception', 'catkin_cmake_args': None, 'catkin_skip_building_tests': False, 'cmake_args': None, 'cmake_clean_cache': False, 'cmake_clean_first': False, 'cmake_force_configure': False, 'cmake_target': None, 'cmake_target_skip_unavailable': False, 'install_base': '/home/d/cnc_pose_ws/install/cnc_perception', 'merge_install': False, 'path': '/home/d/cnc_pose_ws/src/cnc_perception', 'symlink_install': False, 'test_result_base': None}
[0.729s] colcon.colcon_core.executor INFO Executing jobs using 'parallel' executor
[0.731s] colcon.colcon_parallel_executor.executor.parallel DEBUG run_until_complete
[0.731s] colcon.colcon_ros.task.ament_python.build INFO Building ROS package in '/home/d/cnc_pose_ws/src/cnc_perception' with build type 'ament_python'
[0.731s] colcon.colcon_core.shell Level 1 create_environment_hook('cnc_perception', 'ament_prefix_path')
[0.736s] colcon.colcon_core.plugin_system INFO Skipping extension 'colcon_core.shell.bat': Not used on non-Windows systems
[0.736s] colcon.colcon_core.shell INFO Creating environment hook '/home/d/cnc_pose_ws/install/cnc_perception/share/cnc_perception/hook/ament_prefix_path.ps1'
[0.737s] colcon.colcon_core.shell INFO Creating environment descriptor '/home/d/cnc_pose_ws/install/cnc_perception/share/cnc_perception/hook/ament_prefix_path.dsv'
[0.738s] colcon.colcon_core.shell INFO Creating environment hook '/home/d/cnc_pose_ws/install/cnc_perception/share/cnc_perception/hook/ament_prefix_path.sh'
[0.740s] colcon.colcon_core.shell INFO Skip shell extension 'powershell' for command environment: Not usable outside of PowerShell
[0.740s] colcon.colcon_core.shell DEBUG Skip shell extension 'dsv' for command environment
[1.375s] colcon.colcon_core.task.python.build INFO Building Python package in '/home/d/cnc_pose_ws/src/cnc_perception'
[1.375s] colcon.colcon_core.shell INFO Skip shell extension 'powershell' for command environment: Not usable outside of PowerShell
[1.376s] colcon.colcon_core.shell DEBUG Skip shell extension 'dsv' for command environment
[3.277s] colcon.colcon_core.event_handler.log_command DEBUG Invoking command in '/home/d/cnc_pose_ws/src/cnc_perception': PYTHONPATH=/home/d/cnc_pose_ws/build/cnc_perception/prefix_override:/usr/lib/python3/dist-packages/colcon_core/task/python/colcon_distutils_commands:/home/d/cnc_pose_ws/install/cnc_perception/lib/python3.10/site-packages:${PYTHONPATH} /usr/bin/python3 -W ignore:setup.py install is deprecated -W ignore:easy_install command is deprecated setup.py egg_info --egg-base ../../build/cnc_perception build --build-base /home/d/cnc_pose_ws/build/cnc_perception/build install --record /home/d/cnc_pose_ws/build/cnc_perception/install.log --single-version-externally-managed install_data
[4.847s] colcon.colcon_core.event_handler.log_command DEBUG Invoked command in '/home/d/cnc_pose_ws/src/cnc_perception' returned '0': PYTHONPATH=/home/d/cnc_pose_ws/build/cnc_perception/prefix_override:/usr/lib/python3/dist-packages/colcon_core/task/python/colcon_distutils_commands:/home/d/cnc_pose_ws/install/cnc_perception/lib/python3.10/site-packages:${PYTHONPATH} /usr/bin/python3 -W ignore:setup.py install is deprecated -W ignore:easy_install command is deprecated setup.py egg_info --egg-base ../../build/cnc_perception build --build-base /home/d/cnc_pose_ws/build/cnc_perception/build install --record /home/d/cnc_pose_ws/build/cnc_perception/install.log --single-version-externally-managed install_data
[4.852s] colcon.colcon_core.environment Level 1 checking '/home/d/cnc_pose_ws/install/cnc_perception' for CMake module files
[4.853s] colcon.colcon_core.environment Level 1 checking '/home/d/cnc_pose_ws/install/cnc_perception' for CMake config files
[4.855s] colcon.colcon_core.environment Level 1 checking '/home/d/cnc_pose_ws/install/cnc_perception/lib'
[4.855s] colcon.colcon_core.environment Level 1 checking '/home/d/cnc_pose_ws/install/cnc_perception/bin'
[4.855s] colcon.colcon_core.environment Level 1 checking '/home/d/cnc_pose_ws/install/cnc_perception/lib/pkgconfig/cnc_perception.pc'
[4.856s] colcon.colcon_core.environment Level 1 checking '/home/d/cnc_pose_ws/install/cnc_perception/lib/python3.10/site-packages'
[4.856s] colcon.colcon_core.shell Level 1 create_environment_hook('cnc_perception', 'pythonpath')
[4.856s] colcon.colcon_core.shell INFO Creating environment hook '/home/d/cnc_pose_ws/install/cnc_perception/share/cnc_perception/hook/pythonpath.ps1'
[4.857s] colcon.colcon_core.shell INFO Creating environment descriptor '/home/d/cnc_pose_ws/install/cnc_perception/share/cnc_perception/hook/pythonpath.dsv'
[4.857s] colcon.colcon_core.shell INFO Creating environment hook '/home/d/cnc_pose_ws/install/cnc_perception/share/cnc_perception/hook/pythonpath.sh'
[4.858s] colcon.colcon_core.environment Level 1 checking '/home/d/cnc_pose_ws/install/cnc_perception/bin'
[4.858s] colcon.colcon_core.environment Level 1 create_environment_scripts_only(cnc_perception)
[4.859s] colcon.colcon_core.shell INFO Creating package script '/home/d/cnc_pose_ws/install/cnc_perception/share/cnc_perception/package.ps1'
[4.861s] colcon.colcon_core.shell INFO Creating package descriptor '/home/d/cnc_pose_ws/install/cnc_perception/share/cnc_perception/package.dsv'
[4.862s] colcon.colcon_core.shell INFO Creating package script '/home/d/cnc_pose_ws/install/cnc_perception/share/cnc_perception/package.sh'
[4.863s] colcon.colcon_core.shell INFO Creating package script '/home/d/cnc_pose_ws/install/cnc_perception/share/cnc_perception/package.bash'
[4.864s] colcon.colcon_core.shell INFO Creating package script '/home/d/cnc_pose_ws/install/cnc_perception/share/cnc_perception/package.zsh'
[4.865s] colcon.colcon_core.environment Level 1 create_file_with_runtime_dependencies(/home/d/cnc_pose_ws/install/cnc_perception/share/colcon-core/packages/cnc_perception)
[4.865s] colcon.colcon_parallel_executor.executor.parallel DEBUG closing loop
[4.866s] colcon.colcon_parallel_executor.executor.parallel DEBUG loop closed
[4.866s] colcon.colcon_parallel_executor.executor.parallel DEBUG run_until_complete finished with '0'
[4.866s] colcon.colcon_core.event_reactor DEBUG joining thread
[4.879s] colcon.colcon_core.plugin_system INFO Skipping extension 'colcon_notification.desktop_notification.terminal_notifier': Not used on non-Darwin systems
[4.879s] colcon.colcon_core.plugin_system INFO Skipping extension 'colcon_notification.desktop_notification.win32': Not used on non-Windows systems
[4.880s] colcon.colcon_notification.desktop_notification INFO Sending desktop notification using 'notify2'
[4.880s] colcon.colcon_notification.desktop_notification.notify2 DEBUG Failed to initialize notify2: org.freedesktop.DBus.Error.FileNotFound: Failed to connect to socket /run/user/1000/bus: No such file or directory
[4.880s] colcon.colcon_core.event_reactor DEBUG joined thread
[4.880s] colcon.colcon_core.shell INFO Creating prefix script '/home/d/cnc_pose_ws/install/local_setup.ps1'
[4.882s] colcon.colcon_core.shell INFO Creating prefix util module '/home/d/cnc_pose_ws/install/_local_setup_util_ps1.py'
[4.885s] colcon.colcon_core.shell INFO Creating prefix chain script '/home/d/cnc_pose_ws/install/setup.ps1'
[4.893s] colcon.colcon_core.shell INFO Creating prefix script '/home/d/cnc_pose_ws/install/local_setup.sh'
[4.894s] colcon.colcon_core.shell INFO Creating prefix util module '/home/d/cnc_pose_ws/install/_local_setup_util_sh.py'
[4.895s] colcon.colcon_core.shell INFO Creating prefix chain script '/home/d/cnc_pose_ws/install/setup.sh'
[4.900s] colcon.colcon_core.shell INFO Creating prefix script '/home/d/cnc_pose_ws/install/local_setup.bash'
[4.901s] colcon.colcon_core.shell INFO Creating prefix chain script '/home/d/cnc_pose_ws/install/setup.bash'
[4.909s] colcon.colcon_core.shell INFO Creating prefix script '/home/d/cnc_pose_ws/install/local_setup.zsh'
[4.910s] colcon.colcon_core.shell INFO Creating prefix chain script '/home/d/cnc_pose_ws/install/setup.zsh'
