running egg_info
creating ../../build/cnc_perception/cnc_perception.egg-info
writing ../../build/cnc_perception/cnc_perception.egg-info/PKG-INFO
writing dependency_links to ../../build/cnc_perception/cnc_perception.egg-info/dependency_links.txt
writing entry points to ../../build/cnc_perception/cnc_perception.egg-info/entry_points.txt
writing requirements to ../../build/cnc_perception/cnc_perception.egg-info/requires.txt
writing top-level names to ../../build/cnc_perception/cnc_perception.egg-info/top_level.txt
writing manifest file '../../build/cnc_perception/cnc_perception.egg-info/SOURCES.txt'
[06/16/26 17:29:58] ERROR    listing git files failed - pretending     git.py:26
                             there aren't any                                   
reading manifest file '../../build/cnc_perception/cnc_perception.egg-info/SOURCES.txt'
writing manifest file '../../build/cnc_perception/cnc_perception.egg-info/SOURCES.txt'
running build
running build_py
creating /home/d/cnc_pose_ws/build/cnc_perception/build/lib/cnc_perception
copying cnc_perception/workpiece_config.py -> /home/d/cnc_pose_ws/build/cnc_perception/build/lib/cnc_perception
copying cnc_perception/contour_detector.py -> /home/d/cnc_pose_ws/build/cnc_perception/build/lib/cnc_perception
copying cnc_perception/pose_estimator_node.py -> /home/d/cnc_pose_ws/build/cnc_perception/build/lib/cnc_perception
copying cnc_perception/pose_solver.py -> /home/d/cnc_pose_ws/build/cnc_perception/build/lib/cnc_perception
copying cnc_perception/__init__.py -> /home/d/cnc_pose_ws/build/cnc_perception/build/lib/cnc_perception
running install
running install_lib
creating /home/d/cnc_pose_ws/install/cnc_perception/lib/python3.10/site-packages/cnc_perception
copying /home/d/cnc_pose_ws/build/cnc_perception/build/lib/cnc_perception/workpiece_config.py -> /home/d/cnc_pose_ws/install/cnc_perception/lib/python3.10/site-packages/cnc_perception
copying /home/d/cnc_pose_ws/build/cnc_perception/build/lib/cnc_perception/contour_detector.py -> /home/d/cnc_pose_ws/install/cnc_perception/lib/python3.10/site-packages/cnc_perception
copying /home/d/cnc_pose_ws/build/cnc_perception/build/lib/cnc_perception/pose_estimator_node.py -> /home/d/cnc_pose_ws/install/cnc_perception/lib/python3.10/site-packages/cnc_perception
copying /home/d/cnc_pose_ws/build/cnc_perception/build/lib/cnc_perception/pose_solver.py -> /home/d/cnc_pose_ws/install/cnc_perception/lib/python3.10/site-packages/cnc_perception
copying /home/d/cnc_pose_ws/build/cnc_perception/build/lib/cnc_perception/__init__.py -> /home/d/cnc_pose_ws/install/cnc_perception/lib/python3.10/site-packages/cnc_perception
byte-compiling /home/d/cnc_pose_ws/install/cnc_perception/lib/python3.10/site-packages/cnc_perception/workpiece_config.py to workpiece_config.cpython-310.pyc
byte-compiling /home/d/cnc_pose_ws/install/cnc_perception/lib/python3.10/site-packages/cnc_perception/contour_detector.py to contour_detector.cpython-310.pyc
byte-compiling /home/d/cnc_pose_ws/install/cnc_perception/lib/python3.10/site-packages/cnc_perception/pose_estimator_node.py to pose_estimator_node.cpython-310.pyc
byte-compiling /home/d/cnc_pose_ws/install/cnc_perception/lib/python3.10/site-packages/cnc_perception/pose_solver.py to pose_solver.cpython-310.pyc
byte-compiling /home/d/cnc_pose_ws/install/cnc_perception/lib/python3.10/site-packages/cnc_perception/__init__.py to __init__.cpython-310.pyc
running install_data
creating /home/d/cnc_pose_ws/install/cnc_perception/share/ament_index/resource_index/packages
copying resource/cnc_perception -> /home/d/cnc_pose_ws/install/cnc_perception/share/ament_index/resource_index/packages
copying package.xml -> /home/d/cnc_pose_ws/install/cnc_perception/share/cnc_perception
creating /home/d/cnc_pose_ws/install/cnc_perception/share/cnc_perception/config
copying config/workpiece_model.yaml -> /home/d/cnc_pose_ws/install/cnc_perception/share/cnc_perception/config
copying config/camera_info.yaml -> /home/d/cnc_pose_ws/install/cnc_perception/share/cnc_perception/config
copying config/camera_params.yaml -> /home/d/cnc_pose_ws/install/cnc_perception/share/cnc_perception/config
creating /home/d/cnc_pose_ws/install/cnc_perception/share/cnc_perception/launch
copying launch/pose_estimator_only.launch.py -> /home/d/cnc_pose_ws/install/cnc_perception/share/cnc_perception/launch
copying launch/perception.launch.py -> /home/d/cnc_pose_ws/install/cnc_perception/share/cnc_perception/launch
running install_egg_info
Copying ../../build/cnc_perception/cnc_perception.egg-info to /home/d/cnc_pose_ws/install/cnc_perception/lib/python3.10/site-packages/cnc_perception-0.1.0-py3.10.egg-info
running install_scripts
Installing pose_estimator_node script to /home/d/cnc_pose_ws/install/cnc_perception/lib/cnc_perception
writing list of installed files to '/home/d/cnc_pose_ws/build/cnc_perception/install.log'
