running egg_info
writing ../../build/cnc_perception/cnc_perception.egg-info/PKG-INFO
writing dependency_links to ../../build/cnc_perception/cnc_perception.egg-info/dependency_links.txt
writing entry points to ../../build/cnc_perception/cnc_perception.egg-info/entry_points.txt
writing requirements to ../../build/cnc_perception/cnc_perception.egg-info/requires.txt
writing top-level names to ../../build/cnc_perception/cnc_perception.egg-info/top_level.txt
reading manifest file '../../build/cnc_perception/cnc_perception.egg-info/SOURCES.txt'
writing manifest file '../../build/cnc_perception/cnc_perception.egg-info/SOURCES.txt'
running build
running build_py
copying cnc_perception/workpiece_config.py -> /home/d/cnc_pose_ws/build/cnc_perception/build/lib/cnc_perception
copying cnc_perception/visualization.py -> /home/d/cnc_pose_ws/build/cnc_perception/build/lib/cnc_perception
copying cnc_perception/contour_detector.py -> /home/d/cnc_pose_ws/build/cnc_perception/build/lib/cnc_perception
copying cnc_perception/pose_estimator_node.py -> /home/d/cnc_pose_ws/build/cnc_perception/build/lib/cnc_perception
copying cnc_perception/pose_solver.py -> /home/d/cnc_pose_ws/build/cnc_perception/build/lib/cnc_perception
copying cnc_perception/__init__.py -> /home/d/cnc_pose_ws/build/cnc_perception/build/lib/cnc_perception
running install
running install_lib
running install_data
copying resource/cnc_perception -> /home/d/cnc_pose_ws/install/cnc_perception/share/ament_index/resource_index/packages
copying package.xml -> /home/d/cnc_pose_ws/install/cnc_perception/share/cnc_perception
copying config/workpiece_model.yaml -> /home/d/cnc_pose_ws/install/cnc_perception/share/cnc_perception/config
copying config/camera_info.yaml -> /home/d/cnc_pose_ws/install/cnc_perception/share/cnc_perception/config
copying config/camera_params.yaml -> /home/d/cnc_pose_ws/install/cnc_perception/share/cnc_perception/config
copying config/perception.rviz -> /home/d/cnc_pose_ws/install/cnc_perception/share/cnc_perception/config
copying launch/rviz.launch.py -> /home/d/cnc_pose_ws/install/cnc_perception/share/cnc_perception/launch
copying launch/pose_estimator_only.launch.py -> /home/d/cnc_pose_ws/install/cnc_perception/share/cnc_perception/launch
copying launch/perception.launch.py -> /home/d/cnc_pose_ws/install/cnc_perception/share/cnc_perception/launch
running install_egg_info
removing '/home/d/cnc_pose_ws/install/cnc_perception/lib/python3.10/site-packages/cnc_perception-0.1.0-py3.10.egg-info' (and everything under it)
Copying ../../build/cnc_perception/cnc_perception.egg-info to /home/d/cnc_pose_ws/install/cnc_perception/lib/python3.10/site-packages/cnc_perception-0.1.0-py3.10.egg-info
running install_scripts
Installing pose_estimator_node script to /home/d/cnc_pose_ws/install/cnc_perception/lib/cnc_perception
writing list of installed files to '/home/d/cnc_pose_ws/build/cnc_perception/install.log'
