[1.890s] Invoking command in '/home/d/cnc_pose_ws/src/cnc_perception': PYTHONPATH=/home/d/cnc_pose_ws/build/cnc_perception/prefix_override:/usr/lib/python3/dist-packages/colcon_core/task/python/colcon_distutils_commands:/home/d/cnc_pose_ws/install/cnc_perception/lib/python3.10/site-packages:${PYTHONPATH} /usr/bin/python3 -W ignore:setup.py install is deprecated -W ignore:easy_install command is deprecated setup.py egg_info --egg-base ../../build/cnc_perception build --build-base /home/d/cnc_pose_ws/build/cnc_perception/build install --record /home/d/cnc_pose_ws/build/cnc_perception/install.log --single-version-externally-managed install_data
[2.526s] running egg_info
[2.569s] writing ../../build/cnc_perception/cnc_perception.egg-info/PKG-INFO
[2.569s] writing dependency_links to ../../build/cnc_perception/cnc_perception.egg-info/dependency_links.txt
[2.570s] writing entry points to ../../build/cnc_perception/cnc_perception.egg-info/entry_points.txt
[2.570s] writing requirements to ../../build/cnc_perception/cnc_perception.egg-info/requires.txt
[2.570s] writing top-level names to ../../build/cnc_perception/cnc_perception.egg-info/top_level.txt
[2.768s] [06/17/26 00:40:34] ERROR    listing git files failed - pretending     git.py:26
[2.768s]                              there aren't any                                   
[2.954s] reading manifest file '../../build/cnc_perception/cnc_perception.egg-info/SOURCES.txt'
[2.956s] writing manifest file '../../build/cnc_perception/cnc_perception.egg-info/SOURCES.txt'
[2.956s] running build
[2.957s] running build_py
[2.957s] copying cnc_perception/workpiece_config.py -> /home/d/cnc_pose_ws/build/cnc_perception/build/lib/cnc_perception
[2.957s] copying cnc_perception/visualization.py -> /home/d/cnc_pose_ws/build/cnc_perception/build/lib/cnc_perception
[2.958s] copying cnc_perception/contour_detector.py -> /home/d/cnc_pose_ws/build/cnc_perception/build/lib/cnc_perception
[2.958s] copying cnc_perception/pose_estimator_node.py -> /home/d/cnc_pose_ws/build/cnc_perception/build/lib/cnc_perception
[2.958s] copying cnc_perception/pose_solver.py -> /home/d/cnc_pose_ws/build/cnc_perception/build/lib/cnc_perception
[2.958s] copying cnc_perception/__init__.py -> /home/d/cnc_pose_ws/build/cnc_perception/build/lib/cnc_perception
[2.959s] running install
[2.966s] running install_lib
[3.014s] running install_data
[3.014s] copying resource/cnc_perception -> /home/d/cnc_pose_ws/install/cnc_perception/share/ament_index/resource_index/packages
[3.015s] copying package.xml -> /home/d/cnc_pose_ws/install/cnc_perception/share/cnc_perception
[3.015s] copying config/workpiece_model.yaml -> /home/d/cnc_pose_ws/install/cnc_perception/share/cnc_perception/config
[3.015s] copying config/camera_info.yaml -> /home/d/cnc_pose_ws/install/cnc_perception/share/cnc_perception/config
[3.016s] copying config/camera_params.yaml -> /home/d/cnc_pose_ws/install/cnc_perception/share/cnc_perception/config
[3.016s] copying config/perception.rviz -> /home/d/cnc_pose_ws/install/cnc_perception/share/cnc_perception/config
[3.016s] copying launch/rviz.launch.py -> /home/d/cnc_pose_ws/install/cnc_perception/share/cnc_perception/launch
[3.017s] copying launch/pose_estimator_only.launch.py -> /home/d/cnc_pose_ws/install/cnc_perception/share/cnc_perception/launch
[3.017s] copying launch/perception.launch.py -> /home/d/cnc_pose_ws/install/cnc_perception/share/cnc_perception/launch
[3.017s] running install_egg_info
[3.061s] removing '/home/d/cnc_pose_ws/install/cnc_perception/lib/python3.10/site-packages/cnc_perception-0.1.0-py3.10.egg-info' (and everything under it)
[3.061s] Copying ../../build/cnc_perception/cnc_perception.egg-info to /home/d/cnc_pose_ws/install/cnc_perception/lib/python3.10/site-packages/cnc_perception-0.1.0-py3.10.egg-info
[3.062s] running install_scripts
[3.151s] Installing pose_estimator_node script to /home/d/cnc_pose_ws/install/cnc_perception/lib/cnc_perception
[3.152s] writing list of installed files to '/home/d/cnc_pose_ws/build/cnc_perception/install.log'
[3.197s] Invoked command in '/home/d/cnc_pose_ws/src/cnc_perception' returned '0': PYTHONPATH=/home/d/cnc_pose_ws/build/cnc_perception/prefix_override:/usr/lib/python3/dist-packages/colcon_core/task/python/colcon_distutils_commands:/home/d/cnc_pose_ws/install/cnc_perception/lib/python3.10/site-packages:${PYTHONPATH} /usr/bin/python3 -W ignore:setup.py install is deprecated -W ignore:easy_install command is deprecated setup.py egg_info --egg-base ../../build/cnc_perception build --build-base /home/d/cnc_pose_ws/build/cnc_perception/build install --record /home/d/cnc_pose_ws/build/cnc_perception/install.log --single-version-externally-managed install_data
