[2.545s] Invoking command in '/home/d/cnc_pose_ws/src/cnc_perception': PYTHONPATH=/home/d/cnc_pose_ws/build/cnc_perception/prefix_override:/usr/lib/python3/dist-packages/colcon_core/task/python/colcon_distutils_commands:/home/d/cnc_pose_ws/install/cnc_perception/lib/python3.10/site-packages:${PYTHONPATH} /usr/bin/python3 -W ignore:setup.py install is deprecated -W ignore:easy_install command is deprecated setup.py egg_info --egg-base ../../build/cnc_perception build --build-base /home/d/cnc_pose_ws/build/cnc_perception/build install --record /home/d/cnc_pose_ws/build/cnc_perception/install.log --single-version-externally-managed install_data
[3.312s] running egg_info
[3.364s] writing ../../build/cnc_perception/cnc_perception.egg-info/PKG-INFO
[3.367s] writing dependency_links to ../../build/cnc_perception/cnc_perception.egg-info/dependency_links.txt
[3.368s] writing entry points to ../../build/cnc_perception/cnc_perception.egg-info/entry_points.txt
[3.368s] writing requirements to ../../build/cnc_perception/cnc_perception.egg-info/requires.txt
[3.368s] writing top-level names to ../../build/cnc_perception/cnc_perception.egg-info/top_level.txt
[3.611s] [06/17/26 00:40:17] ERROR    listing git files failed - pretending     git.py:26
[3.611s]                              there aren't any                                   
[3.811s] reading manifest file '../../build/cnc_perception/cnc_perception.egg-info/SOURCES.txt'
[3.815s] writing manifest file '../../build/cnc_perception/cnc_perception.egg-info/SOURCES.txt'
[3.815s] running build
[3.815s] running build_py
[3.816s] copying cnc_perception/workpiece_config.py -> /home/d/cnc_pose_ws/build/cnc_perception/build/lib/cnc_perception
[3.816s] copying cnc_perception/visualization.py -> /home/d/cnc_pose_ws/build/cnc_perception/build/lib/cnc_perception
[3.816s] copying cnc_perception/contour_detector.py -> /home/d/cnc_pose_ws/build/cnc_perception/build/lib/cnc_perception
[3.817s] copying cnc_perception/pose_estimator_node.py -> /home/d/cnc_pose_ws/build/cnc_perception/build/lib/cnc_perception
[3.817s] copying cnc_perception/pose_solver.py -> /home/d/cnc_pose_ws/build/cnc_perception/build/lib/cnc_perception
[3.817s] copying cnc_perception/__init__.py -> /home/d/cnc_pose_ws/build/cnc_perception/build/lib/cnc_perception
[3.818s] running install
[3.828s] running install_lib
[3.881s] copying /home/d/cnc_pose_ws/build/cnc_perception/build/lib/cnc_perception/visualization.py -> /home/d/cnc_pose_ws/install/cnc_perception/lib/python3.10/site-packages/cnc_perception
[3.881s] copying /home/d/cnc_pose_ws/build/cnc_perception/build/lib/cnc_perception/pose_estimator_node.py -> /home/d/cnc_pose_ws/install/cnc_perception/lib/python3.10/site-packages/cnc_perception
[3.882s] byte-compiling /home/d/cnc_pose_ws/install/cnc_perception/lib/python3.10/site-packages/cnc_perception/visualization.py to visualization.cpython-310.pyc
[3.883s] byte-compiling /home/d/cnc_pose_ws/install/cnc_perception/lib/python3.10/site-packages/cnc_perception/pose_estimator_node.py to pose_estimator_node.cpython-310.pyc
[3.886s] running install_data
[3.886s] copying resource/cnc_perception -> /home/d/cnc_pose_ws/install/cnc_perception/share/ament_index/resource_index/packages
[3.887s] copying package.xml -> /home/d/cnc_pose_ws/install/cnc_perception/share/cnc_perception
[3.887s] copying config/workpiece_model.yaml -> /home/d/cnc_pose_ws/install/cnc_perception/share/cnc_perception/config
[3.888s] copying config/camera_info.yaml -> /home/d/cnc_pose_ws/install/cnc_perception/share/cnc_perception/config
[3.888s] copying config/camera_params.yaml -> /home/d/cnc_pose_ws/install/cnc_perception/share/cnc_perception/config
[3.889s] copying config/perception.rviz -> /home/d/cnc_pose_ws/install/cnc_perception/share/cnc_perception/config
[3.889s] copying launch/rviz.launch.py -> /home/d/cnc_pose_ws/install/cnc_perception/share/cnc_perception/launch
[3.890s] copying launch/pose_estimator_only.launch.py -> /home/d/cnc_pose_ws/install/cnc_perception/share/cnc_perception/launch
[3.890s] copying launch/perception.launch.py -> /home/d/cnc_pose_ws/install/cnc_perception/share/cnc_perception/launch
[3.891s] running install_egg_info
[3.951s] removing '/home/d/cnc_pose_ws/install/cnc_perception/lib/python3.10/site-packages/cnc_perception-0.1.0-py3.10.egg-info' (and everything under it)
[3.951s] Copying ../../build/cnc_perception/cnc_perception.egg-info to /home/d/cnc_pose_ws/install/cnc_perception/lib/python3.10/site-packages/cnc_perception-0.1.0-py3.10.egg-info
[3.953s] running install_scripts
[4.064s] Installing pose_estimator_node script to /home/d/cnc_pose_ws/install/cnc_perception/lib/cnc_perception
[4.065s] writing list of installed files to '/home/d/cnc_pose_ws/build/cnc_perception/install.log'
[4.115s] Invoked command in '/home/d/cnc_pose_ws/src/cnc_perception' returned '0': PYTHONPATH=/home/d/cnc_pose_ws/build/cnc_perception/prefix_override:/usr/lib/python3/dist-packages/colcon_core/task/python/colcon_distutils_commands:/home/d/cnc_pose_ws/install/cnc_perception/lib/python3.10/site-packages:${PYTHONPATH} /usr/bin/python3 -W ignore:setup.py install is deprecated -W ignore:easy_install command is deprecated setup.py egg_info --egg-base ../../build/cnc_perception build --build-base /home/d/cnc_pose_ws/build/cnc_perception/build install --record /home/d/cnc_pose_ws/build/cnc_perception/install.log --single-version-externally-managed install_data
